<?xml version="1.0" encoding="UTF-8"?>
<coverage generated="1684240378371" clover="3.2.0">
  <project timestamp="1684240378371" name="All files">
    <metrics statements="24" coveredstatements="24" conditionals="13" coveredconditionals="12" methods="10" coveredmethods="10" elements="47" coveredelements="46" complexity="0" loc="24" ncloc="24" packages="1" files="5" classes="5"/>
    <file name="chunk.js" path="/Users/juliya/unit-tests/tasks/chunk.js">
      <metrics statements="5" coveredstatements="5" conditionals="1" coveredconditionals="1" methods="1" coveredmethods="1"/>
      <line num="2" count="4" type="stmt"/>
      <line num="3" count="4" type="stmt"/>
      <line num="4" count="8" type="stmt"/>
      <line num="7" count="4" type="stmt"/>
      <line num="10" count="1" type="stmt"/>
    </file>
    <file name="compact.js" path="/Users/juliya/unit-tests/tasks/compact.js">
      <metrics statements="2" coveredstatements="2" conditionals="0" coveredconditionals="0" methods="2" coveredmethods="2"/>
      <line num="2" count="6" type="stmt"/>
      <line num="5" count="1" type="stmt"/>
    </file>
    <file name="drop.js" path="/Users/juliya/unit-tests/tasks/drop.js">
      <metrics statements="2" coveredstatements="2" conditionals="1" coveredconditionals="1" methods="1" coveredmethods="1"/>
      <line num="2" count="3" type="stmt"/>
      <line num="5" count="1" type="stmt"/>
    </file>
    <file name="filter.js" path="/Users/juliya/unit-tests/tasks/filter.js">
      <metrics statements="13" coveredstatements="13" conditionals="10" coveredconditionals="9" methods="5" coveredmethods="5"/>
      <line num="2" count="4" type="cond" truecount="2" falsecount="0"/>
      <line num="3" count="2" type="stmt"/>
      <line num="6" count="3" type="cond" truecount="2" falsecount="0"/>
      <line num="7" count="1" type="stmt"/>
      <line num="8" count="1" type="stmt"/>
      <line num="9" count="1" type="stmt"/>
      <line num="10" count="2" type="stmt"/>
      <line num="14" count="2" type="cond" truecount="2" falsecount="0"/>
      <line num="15" count="1" type="stmt"/>
      <line num="16" count="2" type="cond" truecount="2" falsecount="0"/>
      <line num="19" count="1" type="cond" truecount="1" falsecount="1"/>
      <line num="20" count="2" type="stmt"/>
      <line num="24" count="1" type="stmt"/>
    </file>
    <file name="take.js" path="/Users/juliya/unit-tests/tasks/take.js">
      <metrics statements="2" coveredstatements="2" conditionals="1" coveredconditionals="1" methods="1" coveredmethods="1"/>
      <line num="2" count="4" type="stmt"/>
      <line num="5" count="1" type="stmt"/>
    </file>
  </project>
</coverage>
