{"/Users/juliya/unit-tests/tasks/chunk.js": {"path":"/Users/juliya/unit-tests/tasks/chunk.js","statementMap":{"0":{"start":{"line":1,"column":28},"end":{"line":1,"column":55}},"1":{"start":{"line":4,"column":15},"end":{"line":4,"column":17}},"2":{"start":{"line":5,"column":2},"end":{"line":7,"column":3}},"3":{"start":{"line":5,"column":15},"end":{"line":5,"column":16}},"4":{"start":{"line":6,"column":4},"end":{"line":6,"column":48}},"5":{"start":{"line":9,"column":2},"end":{"line":9,"column":16}},"6":{"start":{"line":12,"column":0},"end":{"line":12,"column":26}}},"fnMap":{"0":{"name":"getchunk","decl":{"start":{"line":3,"column":9},"end":{"line":3,"column":17}},"loc":{"start":{"line":3,"column":35},"end":{"line":10,"column":1}},"line":3}},"branchMap":{"0":{"loc":{"start":{"line":3,"column":25},"end":{"line":3,"column":33}},"type":"default-arg","locations":[{"start":{"line":3,"column":32},"end":{"line":3,"column":33}}],"line":3}},"s":{"0":1,"1":4,"2":4,"3":4,"4":8,"5":4,"6":1},"f":{"0":4},"b":{"0":[1]},"_coverageSchema":"1a1c01bbd47fc00a2c39e90264f33305004495a9","hash":"07b06915d40c9dcfbfe726d6550895106a0f530c"}
,"/Users/juliya/unit-tests/tasks/compact.js": {"path":"/Users/juliya/unit-tests/tasks/compact.js","statementMap":{"0":{"start":{"line":1,"column":21},"end":{"line":1,"column":48}},"1":{"start":{"line":4,"column":2},"end":{"line":4,"column":45}},"2":{"start":{"line":4,"column":36},"end":{"line":4,"column":43}},"3":{"start":{"line":7,"column":0},"end":{"line":7,"column":25}}},"fnMap":{"0":{"name":"compact","decl":{"start":{"line":3,"column":9},"end":{"line":3,"column":16}},"loc":{"start":{"line":3,"column":24},"end":{"line":5,"column":1}},"line":3},"1":{"name":"(anonymous_1)","decl":{"start":{"line":4,"column":25},"end":{"line":4,"column":26}},"loc":{"start":{"line":4,"column":36},"end":{"line":4,"column":43}},"line":4}},"branchMap":{},"s":{"0":1,"1":1,"2":6,"3":1},"f":{"0":1,"1":6},"b":{},"_coverageSchema":"1a1c01bbd47fc00a2c39e90264f33305004495a9","hash":"80c71200b4264c7f8cdd6e831ec84827b507d6cb"}
,"/Users/juliya/unit-tests/tasks/drop.js": {"path":"/Users/juliya/unit-tests/tasks/drop.js","statementMap":{"0":{"start":{"line":1,"column":20},"end":{"line":1,"column":47}},"1":{"start":{"line":4,"column":2},"end":{"line":4,"column":27}},"2":{"start":{"line":7,"column":0},"end":{"line":7,"column":22}}},"fnMap":{"0":{"name":"drop","decl":{"start":{"line":3,"column":9},"end":{"line":3,"column":13}},"loc":{"start":{"line":3,"column":28},"end":{"line":5,"column":1}},"line":3}},"branchMap":{"0":{"loc":{"start":{"line":3,"column":21},"end":{"line":3,"column":26}},"type":"default-arg","locations":[{"start":{"line":3,"column":25},"end":{"line":3,"column":26}}],"line":3}},"s":{"0":1,"1":3,"2":1},"f":{"0":3},"b":{"0":[1]},"_coverageSchema":"1a1c01bbd47fc00a2c39e90264f33305004495a9","hash":"a70f0ef2b04c544d6a4e8f2b713874474eb152de"}
,"/Users/juliya/unit-tests/tasks/dropWhile.js": {"path":"/Users/juliya/unit-tests/tasks/dropWhile.js","statementMap":{"0":{"start":{"line":1,"column":20},"end":{"line":1,"column":47}},"1":{"start":{"line":4,"column":2},"end":{"line":10,"column":3}},"2":{"start":{"line":5,"column":4},"end":{"line":9,"column":5}},"3":{"start":{"line":5,"column":17},"end":{"line":5,"column":18}},"4":{"start":{"line":6,"column":6},"end":{"line":8,"column":7}},"5":{"start":{"line":7,"column":8},"end":{"line":7,"column":33}},"6":{"start":{"line":12,"column":2},"end":{"line":18,"column":3}},"7":{"start":{"line":13,"column":4},"end":{"line":17,"column":5}},"8":{"start":{"line":13,"column":17},"end":{"line":13,"column":18}},"9":{"start":{"line":14,"column":6},"end":{"line":16,"column":7}},"10":{"start":{"line":15,"column":8},"end":{"line":15,"column":33}},"11":{"start":{"line":20,"column":2},"end":{"line":32,"column":3}},"12":{"start":{"line":21,"column":4},"end":{"line":25,"column":5}},"13":{"start":{"line":21,"column":17},"end":{"line":21,"column":18}},"14":{"start":{"line":22,"column":6},"end":{"line":24,"column":7}},"15":{"start":{"line":23,"column":8},"end":{"line":23,"column":33}},"16":{"start":{"line":27,"column":4},"end":{"line":31,"column":5}},"17":{"start":{"line":27,"column":17},"end":{"line":27,"column":18}},"18":{"start":{"line":28,"column":6},"end":{"line":30,"column":7}},"19":{"start":{"line":29,"column":8},"end":{"line":29,"column":33}},"20":{"start":{"line":35,"column":0},"end":{"line":35,"column":27}}},"fnMap":{"0":{"name":"dropWhile","decl":{"start":{"line":3,"column":9},"end":{"line":3,"column":18}},"loc":{"start":{"line":3,"column":36},"end":{"line":33,"column":1}},"line":3}},"branchMap":{"0":{"loc":{"start":{"line":4,"column":2},"end":{"line":10,"column":3}},"type":"if","locations":[{"start":{"line":4,"column":2},"end":{"line":10,"column":3}},{"start":{},"end":{}}],"line":4},"1":{"loc":{"start":{"line":6,"column":6},"end":{"line":8,"column":7}},"type":"if","locations":[{"start":{"line":6,"column":6},"end":{"line":8,"column":7}},{"start":{},"end":{}}],"line":6},"2":{"loc":{"start":{"line":12,"column":2},"end":{"line":18,"column":3}},"type":"if","locations":[{"start":{"line":12,"column":2},"end":{"line":18,"column":3}},{"start":{},"end":{}}],"line":12},"3":{"loc":{"start":{"line":14,"column":6},"end":{"line":16,"column":7}},"type":"if","locations":[{"start":{"line":14,"column":6},"end":{"line":16,"column":7}},{"start":{},"end":{}}],"line":14},"4":{"loc":{"start":{"line":20,"column":2},"end":{"line":32,"column":3}},"type":"if","locations":[{"start":{"line":20,"column":2},"end":{"line":32,"column":3}},{"start":{"line":26,"column":9},"end":{"line":32,"column":3}}],"line":20},"5":{"loc":{"start":{"line":22,"column":6},"end":{"line":24,"column":7}},"type":"if","locations":[{"start":{"line":22,"column":6},"end":{"line":24,"column":7}},{"start":{},"end":{}}],"line":22},"6":{"loc":{"start":{"line":28,"column":6},"end":{"line":30,"column":7}},"type":"if","locations":[{"start":{"line":28,"column":6},"end":{"line":30,"column":7}},{"start":{},"end":{}}],"line":28}},"s":{"0":1,"1":4,"2":1,"3":1,"4":3,"5":1,"6":3,"7":1,"8":1,"9":3,"10":1,"11":2,"12":1,"13":1,"14":2,"15":1,"16":1,"17":1,"18":1,"19":1,"20":1},"f":{"0":4},"b":{"0":[1,3],"1":[1,2],"2":[1,2],"3":[1,2],"4":[1,1],"5":[1,1],"6":[1,0]},"_coverageSchema":"1a1c01bbd47fc00a2c39e90264f33305004495a9","hash":"92cc9160b173c057f5ac1f81e7f918e96ace6a44"}
,"/Users/juliya/unit-tests/tasks/filter.js": {"path":"/Users/juliya/unit-tests/tasks/filter.js","statementMap":{"0":{"start":{"line":1,"column":21},"end":{"line":1,"column":48}},"1":{"start":{"line":4,"column":2},"end":{"line":6,"column":3}},"2":{"start":{"line":5,"column":4},"end":{"line":5,"column":38}},"3":{"start":{"line":8,"column":2},"end":{"line":10,"column":3}},"4":{"start":{"line":9,"column":4},"end":{"line":9,"column":70}},"5":{"start":{"line":9,"column":35},"end":{"line":9,"column":68}},"6":{"start":{"line":12,"column":2},"end":{"line":19,"column":3}},"7":{"start":{"line":13,"column":4},"end":{"line":16,"column":6}},"8":{"start":{"line":15,"column":14},"end":{"line":15,"column":72}},"9":{"start":{"line":18,"column":4},"end":{"line":18,"column":59}},"10":{"start":{"line":18,"column":35},"end":{"line":18,"column":57}},"11":{"start":{"line":22,"column":0},"end":{"line":22,"column":24}}},"fnMap":{"0":{"name":"filter","decl":{"start":{"line":3,"column":9},"end":{"line":3,"column":15}},"loc":{"start":{"line":3,"column":34},"end":{"line":20,"column":1}},"line":3},"1":{"name":"(anonymous_1)","decl":{"start":{"line":9,"column":27},"end":{"line":9,"column":28}},"loc":{"start":{"line":9,"column":35},"end":{"line":9,"column":68}},"line":9},"2":{"name":"(anonymous_2)","decl":{"start":{"line":15,"column":6},"end":{"line":15,"column":7}},"loc":{"start":{"line":15,"column":14},"end":{"line":15,"column":72}},"line":15},"3":{"name":"(anonymous_3)","decl":{"start":{"line":18,"column":27},"end":{"line":18,"column":28}},"loc":{"start":{"line":18,"column":35},"end":{"line":18,"column":57}},"line":18}},"branchMap":{"0":{"loc":{"start":{"line":4,"column":2},"end":{"line":6,"column":3}},"type":"if","locations":[{"start":{"line":4,"column":2},"end":{"line":6,"column":3}},{"start":{},"end":{}}],"line":4},"1":{"loc":{"start":{"line":8,"column":2},"end":{"line":10,"column":3}},"type":"if","locations":[{"start":{"line":8,"column":2},"end":{"line":10,"column":3}},{"start":{},"end":{}}],"line":8},"2":{"loc":{"start":{"line":12,"column":2},"end":{"line":19,"column":3}},"type":"if","locations":[{"start":{"line":12,"column":2},"end":{"line":19,"column":3}},{"start":{"line":17,"column":9},"end":{"line":19,"column":3}}],"line":12},"3":{"loc":{"start":{"line":15,"column":14},"end":{"line":15,"column":72}},"type":"binary-expr","locations":[{"start":{"line":15,"column":14},"end":{"line":15,"column":44}},{"start":{"line":15,"column":48},"end":{"line":15,"column":72}}],"line":15}},"s":{"0":1,"1":4,"2":1,"3":3,"4":1,"5":2,"6":2,"7":1,"8":2,"9":1,"10":2,"11":1},"f":{"0":4,"1":2,"2":2,"3":2},"b":{"0":[1,3],"1":[1,2],"2":[1,1],"3":[2,1]},"_coverageSchema":"1a1c01bbd47fc00a2c39e90264f33305004495a9","hash":"0d5bcd43d6f9f3341c1b2cb9b232f755fbc81b0a"}
,"/Users/juliya/unit-tests/tasks/find.js": {"path":"/Users/juliya/unit-tests/tasks/find.js","statementMap":{"0":{"start":{"line":1,"column":19},"end":{"line":1,"column":46}},"1":{"start":{"line":4,"column":2},"end":{"line":6,"column":3}},"2":{"start":{"line":5,"column":4},"end":{"line":5,"column":43}},"3":{"start":{"line":8,"column":2},"end":{"line":10,"column":3}},"4":{"start":{"line":9,"column":4},"end":{"line":9,"column":68}},"5":{"start":{"line":9,"column":33},"end":{"line":9,"column":66}},"6":{"start":{"line":12,"column":2},"end":{"line":19,"column":3}},"7":{"start":{"line":13,"column":4},"end":{"line":16,"column":6}},"8":{"start":{"line":15,"column":14},"end":{"line":15,"column":72}},"9":{"start":{"line":18,"column":4},"end":{"line":18,"column":57}},"10":{"start":{"line":18,"column":33},"end":{"line":18,"column":55}},"11":{"start":{"line":22,"column":0},"end":{"line":22,"column":22}}},"fnMap":{"0":{"name":"find","decl":{"start":{"line":3,"column":9},"end":{"line":3,"column":13}},"loc":{"start":{"line":3,"column":39},"end":{"line":20,"column":1}},"line":3},"1":{"name":"(anonymous_1)","decl":{"start":{"line":9,"column":25},"end":{"line":9,"column":26}},"loc":{"start":{"line":9,"column":33},"end":{"line":9,"column":66}},"line":9},"2":{"name":"(anonymous_2)","decl":{"start":{"line":15,"column":6},"end":{"line":15,"column":7}},"loc":{"start":{"line":15,"column":14},"end":{"line":15,"column":72}},"line":15},"3":{"name":"(anonymous_3)","decl":{"start":{"line":18,"column":25},"end":{"line":18,"column":26}},"loc":{"start":{"line":18,"column":33},"end":{"line":18,"column":55}},"line":18}},"branchMap":{"0":{"loc":{"start":{"line":4,"column":2},"end":{"line":6,"column":3}},"type":"if","locations":[{"start":{"line":4,"column":2},"end":{"line":6,"column":3}},{"start":{},"end":{}}],"line":4},"1":{"loc":{"start":{"line":8,"column":2},"end":{"line":10,"column":3}},"type":"if","locations":[{"start":{"line":8,"column":2},"end":{"line":10,"column":3}},{"start":{},"end":{}}],"line":8},"2":{"loc":{"start":{"line":12,"column":2},"end":{"line":19,"column":3}},"type":"if","locations":[{"start":{"line":12,"column":2},"end":{"line":19,"column":3}},{"start":{"line":17,"column":9},"end":{"line":19,"column":3}}],"line":12},"3":{"loc":{"start":{"line":15,"column":14},"end":{"line":15,"column":72}},"type":"binary-expr","locations":[{"start":{"line":15,"column":14},"end":{"line":15,"column":38}},{"start":{"line":15,"column":42},"end":{"line":15,"column":72}}],"line":15}},"s":{"0":1,"1":4,"2":1,"3":3,"4":1,"5":2,"6":2,"7":1,"8":3,"9":1,"10":1,"11":1},"f":{"0":4,"1":2,"2":3,"3":1},"b":{"0":[1,3],"1":[1,2],"2":[1,1],"3":[3,1]},"_coverageSchema":"1a1c01bbd47fc00a2c39e90264f33305004495a9","hash":"635816b5291d3775edd31b539550a6d83be70f2a"}
,"/Users/juliya/unit-tests/tasks/includes.js": {"path":"/Users/juliya/unit-tests/tasks/includes.js","statementMap":{"0":{"start":{"line":1,"column":23},"end":{"line":1,"column":50}},"1":{"start":{"line":4,"column":2},"end":{"line":10,"column":3}},"2":{"start":{"line":5,"column":4},"end":{"line":5,"column":48}},"3":{"start":{"line":6,"column":9},"end":{"line":10,"column":3}},"4":{"start":{"line":7,"column":4},"end":{"line":7,"column":63}},"5":{"start":{"line":9,"column":4},"end":{"line":9,"column":45}},"6":{"start":{"line":13,"column":0},"end":{"line":13,"column":26}}},"fnMap":{"0":{"name":"includes","decl":{"start":{"line":3,"column":9},"end":{"line":3,"column":17}},"loc":{"start":{"line":3,"column":44},"end":{"line":11,"column":1}},"line":3}},"branchMap":{"0":{"loc":{"start":{"line":4,"column":2},"end":{"line":10,"column":3}},"type":"if","locations":[{"start":{"line":4,"column":2},"end":{"line":10,"column":3}},{"start":{"line":6,"column":9},"end":{"line":10,"column":3}}],"line":4},"1":{"loc":{"start":{"line":6,"column":9},"end":{"line":10,"column":3}},"type":"if","locations":[{"start":{"line":6,"column":9},"end":{"line":10,"column":3}},{"start":{"line":8,"column":9},"end":{"line":10,"column":3}}],"line":6}},"s":{"0":1,"1":4,"2":2,"3":2,"4":1,"5":1,"6":1},"f":{"0":4},"b":{"0":[2,2],"1":[1,1]},"_coverageSchema":"1a1c01bbd47fc00a2c39e90264f33305004495a9","hash":"dcfc4db4491de2f4de997ce11a137c496eea777f"}
,"/Users/juliya/unit-tests/tasks/map.js": {"path":"/Users/juliya/unit-tests/tasks/map.js","statementMap":{"0":{"start":{"line":1,"column":22},"end":{"line":1,"column":49}},"1":{"start":{"line":4,"column":2},"end":{"line":10,"column":3}},"2":{"start":{"line":5,"column":4},"end":{"line":5,"column":55}},"3":{"start":{"line":5,"column":41},"end":{"line":5,"column":53}},"4":{"start":{"line":6,"column":9},"end":{"line":10,"column":3}},"5":{"start":{"line":7,"column":4},"end":{"line":7,"column":43}},"6":{"start":{"line":9,"column":4},"end":{"line":9,"column":58}},"7":{"start":{"line":13,"column":0},"end":{"line":13,"column":21}}},"fnMap":{"0":{"name":"map","decl":{"start":{"line":3,"column":9},"end":{"line":3,"column":12}},"loc":{"start":{"line":3,"column":35},"end":{"line":11,"column":1}},"line":3},"1":{"name":"(anonymous_1)","decl":{"start":{"line":5,"column":33},"end":{"line":5,"column":34}},"loc":{"start":{"line":5,"column":41},"end":{"line":5,"column":53}},"line":5}},"branchMap":{"0":{"loc":{"start":{"line":4,"column":2},"end":{"line":10,"column":3}},"type":"if","locations":[{"start":{"line":4,"column":2},"end":{"line":10,"column":3}},{"start":{"line":6,"column":9},"end":{"line":10,"column":3}}],"line":4},"1":{"loc":{"start":{"line":6,"column":9},"end":{"line":10,"column":3}},"type":"if","locations":[{"start":{"line":6,"column":9},"end":{"line":10,"column":3}},{"start":{"line":8,"column":9},"end":{"line":10,"column":3}}],"line":6}},"s":{"0":1,"1":3,"2":1,"3":2,"4":2,"5":1,"6":1,"7":1},"f":{"0":3,"1":2},"b":{"0":[1,2],"1":[1,1]},"_coverageSchema":"1a1c01bbd47fc00a2c39e90264f33305004495a9","hash":"9ea65d32cbd88da5984b86b08bd90475c360098d"}
,"/Users/juliya/unit-tests/tasks/merge.js": {"path":"/Users/juliya/unit-tests/tasks/merge.js","statementMap":{"0":{"start":{"line":1,"column":19},"end":{"line":1,"column":46}},"1":{"start":{"line":4,"column":2},"end":{"line":16,"column":3}},"2":{"start":{"line":5,"column":19},"end":{"line":5,"column":21}},"3":{"start":{"line":7,"column":6},"end":{"line":9,"column":29}},"4":{"start":{"line":10,"column":4},"end":{"line":13,"column":5}},"5":{"start":{"line":10,"column":17},"end":{"line":10,"column":18}},"6":{"start":{"line":11,"column":24},"end":{"line":11,"column":66}},"7":{"start":{"line":12,"column":6},"end":{"line":12,"column":32}},"8":{"start":{"line":14,"column":4},"end":{"line":14,"column":26}},"9":{"start":{"line":15,"column":4},"end":{"line":15,"column":19}},"10":{"start":{"line":19,"column":0},"end":{"line":19,"column":23}}},"fnMap":{"0":{"name":"merge","decl":{"start":{"line":3,"column":9},"end":{"line":3,"column":14}},"loc":{"start":{"line":3,"column":33},"end":{"line":17,"column":1}},"line":3}},"branchMap":{"0":{"loc":{"start":{"line":7,"column":6},"end":{"line":9,"column":29}},"type":"cond-expr","locations":[{"start":{"line":8,"column":10},"end":{"line":8,"column":29}},{"start":{"line":9,"column":10},"end":{"line":9,"column":29}}],"line":7}},"s":{"0":1,"1":2,"2":2,"3":2,"4":2,"5":2,"6":5,"7":5,"8":2,"9":2,"10":1},"f":{"0":2},"b":{"0":[1,1]},"_coverageSchema":"1a1c01bbd47fc00a2c39e90264f33305004495a9","hash":"082e49e56d43b1be6485276271c0b15285a501e7"}
,"/Users/juliya/unit-tests/tasks/omit.js": {"path":"/Users/juliya/unit-tests/tasks/omit.js","statementMap":{"0":{"start":{"line":1,"column":23},"end":{"line":1,"column":50}},"1":{"start":{"line":4,"column":17},"end":{"line":4,"column":19}},"2":{"start":{"line":6,"column":2},"end":{"line":12,"column":3}},"3":{"start":{"line":7,"column":4},"end":{"line":11,"column":5}},"4":{"start":{"line":8,"column":6},"end":{"line":8,"column":15}},"5":{"start":{"line":10,"column":6},"end":{"line":10,"column":32}},"6":{"start":{"line":13,"column":2},"end":{"line":13,"column":16}},"7":{"start":{"line":16,"column":0},"end":{"line":16,"column":22}}},"fnMap":{"0":{"name":"omit","decl":{"start":{"line":3,"column":9},"end":{"line":3,"column":13}},"loc":{"start":{"line":3,"column":28},"end":{"line":14,"column":1}},"line":3}},"branchMap":{"0":{"loc":{"start":{"line":7,"column":4},"end":{"line":11,"column":5}},"type":"if","locations":[{"start":{"line":7,"column":4},"end":{"line":11,"column":5}},{"start":{"line":9,"column":11},"end":{"line":11,"column":5}}],"line":7}},"s":{"0":1,"1":1,"2":1,"3":3,"4":2,"5":1,"6":1,"7":1},"f":{"0":1},"b":{"0":[2,1]},"_coverageSchema":"1a1c01bbd47fc00a2c39e90264f33305004495a9","hash":"b40ad4ad56e5e49158aa180c15f5c101f7d95775"}
,"/Users/juliya/unit-tests/tasks/omitBy.js": {"path":"/Users/juliya/unit-tests/tasks/omitBy.js","statementMap":{"0":{"start":{"line":2,"column":17},"end":{"line":2,"column":19}},"1":{"start":{"line":4,"column":2},"end":{"line":8,"column":3}},"2":{"start":{"line":5,"column":4},"end":{"line":7,"column":5}},"3":{"start":{"line":6,"column":6},"end":{"line":6,"column":32}},"4":{"start":{"line":9,"column":2},"end":{"line":9,"column":16}},"5":{"start":{"line":12,"column":0},"end":{"line":12,"column":24}}},"fnMap":{"0":{"name":"omitBy","decl":{"start":{"line":1,"column":9},"end":{"line":1,"column":15}},"loc":{"start":{"line":1,"column":34},"end":{"line":10,"column":1}},"line":1}},"branchMap":{"0":{"loc":{"start":{"line":5,"column":4},"end":{"line":7,"column":5}},"type":"if","locations":[{"start":{"line":5,"column":4},"end":{"line":7,"column":5}},{"start":{},"end":{}}],"line":5}},"s":{"0":1,"1":1,"2":3,"3":1,"4":1,"5":1},"f":{"0":1},"b":{"0":[1,2]},"_coverageSchema":"1a1c01bbd47fc00a2c39e90264f33305004495a9","hash":"c48235dae8d9d95a2843be74047b43fda8f2010d"}
,"/Users/juliya/unit-tests/tasks/pick.js": {"path":"/Users/juliya/unit-tests/tasks/pick.js","statementMap":{"0":{"start":{"line":1,"column":23},"end":{"line":1,"column":50}},"1":{"start":{"line":4,"column":17},"end":{"line":4,"column":19}},"2":{"start":{"line":5,"column":2},"end":{"line":9,"column":3}},"3":{"start":{"line":6,"column":4},"end":{"line":8,"column":5}},"4":{"start":{"line":7,"column":6},"end":{"line":7,"column":32}},"5":{"start":{"line":10,"column":2},"end":{"line":10,"column":16}},"6":{"start":{"line":13,"column":0},"end":{"line":13,"column":22}}},"fnMap":{"0":{"name":"pick","decl":{"start":{"line":3,"column":9},"end":{"line":3,"column":13}},"loc":{"start":{"line":3,"column":28},"end":{"line":11,"column":1}},"line":3}},"branchMap":{"0":{"loc":{"start":{"line":6,"column":4},"end":{"line":8,"column":5}},"type":"if","locations":[{"start":{"line":6,"column":4},"end":{"line":8,"column":5}},{"start":{},"end":{}}],"line":6}},"s":{"0":1,"1":1,"2":1,"3":3,"4":2,"5":1,"6":1},"f":{"0":1},"b":{"0":[2,1]},"_coverageSchema":"1a1c01bbd47fc00a2c39e90264f33305004495a9","hash":"7f8ebadbab0bccaa665418899c9019c7a24307de"}
,"/Users/juliya/unit-tests/tasks/pickBy.js": {"path":"/Users/juliya/unit-tests/tasks/pickBy.js","statementMap":{"0":{"start":{"line":2,"column":17},"end":{"line":2,"column":19}},"1":{"start":{"line":3,"column":2},"end":{"line":7,"column":3}},"2":{"start":{"line":4,"column":4},"end":{"line":6,"column":5}},"3":{"start":{"line":5,"column":6},"end":{"line":5,"column":32}},"4":{"start":{"line":8,"column":2},"end":{"line":8,"column":16}},"5":{"start":{"line":11,"column":0},"end":{"line":11,"column":24}}},"fnMap":{"0":{"name":"pickBy","decl":{"start":{"line":1,"column":9},"end":{"line":1,"column":15}},"loc":{"start":{"line":1,"column":34},"end":{"line":9,"column":1}},"line":1}},"branchMap":{"0":{"loc":{"start":{"line":4,"column":4},"end":{"line":6,"column":5}},"type":"if","locations":[{"start":{"line":4,"column":4},"end":{"line":6,"column":5}},{"start":{},"end":{}}],"line":4}},"s":{"0":1,"1":1,"2":3,"3":2,"4":1,"5":1},"f":{"0":1},"b":{"0":[2,1]},"_coverageSchema":"1a1c01bbd47fc00a2c39e90264f33305004495a9","hash":"3fe73461f22cc05993df663b985db8b521c2f11c"}
,"/Users/juliya/unit-tests/tasks/servicemethods.js": {"path":"/Users/juliya/unit-tests/tasks/servicemethods.js","statementMap":{"0":{"start":{"line":2,"column":22},"end":{"line":2,"column":24}},"1":{"start":{"line":3,"column":2},"end":{"line":7,"column":3}},"2":{"start":{"line":3,"column":15},"end":{"line":3,"column":16}},"3":{"start":{"line":4,"column":4},"end":{"line":6,"column":5}},"4":{"start":{"line":5,"column":6},"end":{"line":5,"column":53}},"5":{"start":{"line":8,"column":2},"end":{"line":8,"column":23}},"6":{"start":{"line":12,"column":2},"end":{"line":12,"column":29}},"7":{"start":{"line":16,"column":2},"end":{"line":18,"column":3}},"8":{"start":{"line":17,"column":4},"end":{"line":17,"column":23}},"9":{"start":{"line":20,"column":15},"end":{"line":20,"column":17}},"10":{"start":{"line":21,"column":16},"end":{"line":21,"column":17}},"11":{"start":{"line":22,"column":2},"end":{"line":25,"column":3}},"12":{"start":{"line":22,"column":15},"end":{"line":22,"column":20}},"13":{"start":{"line":23,"column":4},"end":{"line":23,"column":31}},"14":{"start":{"line":24,"column":4},"end":{"line":24,"column":14}},"15":{"start":{"line":26,"column":2},"end":{"line":26,"column":16}},"16":{"start":{"line":30,"column":2},"end":{"line":34,"column":3}},"17":{"start":{"line":30,"column":15},"end":{"line":30,"column":16}},"18":{"start":{"line":31,"column":4},"end":{"line":33,"column":5}},"19":{"start":{"line":32,"column":6},"end":{"line":32,"column":22}},"20":{"start":{"line":38,"column":2},"end":{"line":42,"column":3}},"21":{"start":{"line":38,"column":15},"end":{"line":38,"column":20}},"22":{"start":{"line":39,"column":4},"end":{"line":41,"column":5}},"23":{"start":{"line":40,"column":6},"end":{"line":40,"column":18}},"24":{"start":{"line":43,"column":2},"end":{"line":43,"column":15}},"25":{"start":{"line":47,"column":17},"end":{"line":47,"column":19}},"26":{"start":{"line":48,"column":2},"end":{"line":50,"column":3}},"27":{"start":{"line":48,"column":15},"end":{"line":48,"column":16}},"28":{"start":{"line":49,"column":4},"end":{"line":49,"column":39}},"29":{"start":{"line":51,"column":2},"end":{"line":51,"column":16}},"30":{"start":{"line":54,"column":0},"end":{"line":54,"column":78}}},"fnMap":{"0":{"name":"myFilter","decl":{"start":{"line":1,"column":9},"end":{"line":1,"column":17}},"loc":{"start":{"line":1,"column":35},"end":{"line":9,"column":1}},"line":1},"1":{"name":"myPush","decl":{"start":{"line":11,"column":9},"end":{"line":11,"column":15}},"loc":{"start":{"line":11,"column":29},"end":{"line":13,"column":1}},"line":11},"2":{"name":"mySlice","decl":{"start":{"line":15,"column":9},"end":{"line":15,"column":16}},"loc":{"start":{"line":15,"column":36},"end":{"line":27,"column":1}},"line":15},"3":{"name":"myFind","decl":{"start":{"line":29,"column":9},"end":{"line":29,"column":15}},"loc":{"start":{"line":29,"column":33},"end":{"line":35,"column":1}},"line":29},"4":{"name":"myIncludes","decl":{"start":{"line":37,"column":9},"end":{"line":37,"column":19}},"loc":{"start":{"line":37,"column":42},"end":{"line":44,"column":1}},"line":37},"5":{"name":"myForEach","decl":{"start":{"line":46,"column":9},"end":{"line":46,"column":18}},"loc":{"start":{"line":46,"column":36},"end":{"line":52,"column":1}},"line":46}},"branchMap":{"0":{"loc":{"start":{"line":4,"column":4},"end":{"line":6,"column":5}},"type":"if","locations":[{"start":{"line":4,"column":4},"end":{"line":6,"column":5}},{"start":{},"end":{}}],"line":4},"1":{"loc":{"start":{"line":16,"column":2},"end":{"line":18,"column":3}},"type":"if","locations":[{"start":{"line":16,"column":2},"end":{"line":18,"column":3}},{"start":{},"end":{}}],"line":16},"2":{"loc":{"start":{"line":16,"column":6},"end":{"line":16,"column":32}},"type":"binary-expr","locations":[{"start":{"line":16,"column":6},"end":{"line":16,"column":24}},{"start":{"line":16,"column":28},"end":{"line":16,"column":32}}],"line":16},"3":{"loc":{"start":{"line":31,"column":4},"end":{"line":33,"column":5}},"type":"if","locations":[{"start":{"line":31,"column":4},"end":{"line":33,"column":5}},{"start":{},"end":{}}],"line":31},"4":{"loc":{"start":{"line":37,"column":31},"end":{"line":37,"column":40}},"type":"default-arg","locations":[{"start":{"line":37,"column":39},"end":{"line":37,"column":40}}],"line":37},"5":{"loc":{"start":{"line":39,"column":4},"end":{"line":41,"column":5}},"type":"if","locations":[{"start":{"line":39,"column":4},"end":{"line":41,"column":5}},{"start":{},"end":{}}],"line":39}},"s":{"0":5,"1":5,"2":5,"3":14,"4":7,"5":5,"6":27,"7":18,"8":9,"9":18,"10":18,"11":18,"12":18,"13":31,"14":31,"15":18,"16":4,"17":4,"18":7,"19":4,"20":9,"21":9,"22":13,"23":6,"24":3,"25":3,"26":3,"27":3,"28":6,"29":3,"30":13},"f":{"0":5,"1":27,"2":18,"3":4,"4":9,"5":3},"b":{"0":[7,7],"1":[9,9],"2":[18,16],"3":[4,3],"4":[8],"5":[6,7]},"_coverageSchema":"1a1c01bbd47fc00a2c39e90264f33305004495a9","hash":"c5e9fd1d9c1e6f3b115cc2b933f82c7b53b42247"}
,"/Users/juliya/unit-tests/tasks/take.js": {"path":"/Users/juliya/unit-tests/tasks/take.js","statementMap":{"0":{"start":{"line":1,"column":20},"end":{"line":1,"column":47}},"1":{"start":{"line":4,"column":2},"end":{"line":6,"column":3}},"2":{"start":{"line":5,"column":4},"end":{"line":5,"column":14}},"3":{"start":{"line":7,"column":2},"end":{"line":7,"column":30}},"4":{"start":{"line":10,"column":0},"end":{"line":10,"column":22}}},"fnMap":{"0":{"name":"take","decl":{"start":{"line":3,"column":9},"end":{"line":3,"column":13}},"loc":{"start":{"line":3,"column":28},"end":{"line":8,"column":1}},"line":3}},"branchMap":{"0":{"loc":{"start":{"line":3,"column":21},"end":{"line":3,"column":26}},"type":"default-arg","locations":[{"start":{"line":3,"column":25},"end":{"line":3,"column":26}}],"line":3},"1":{"loc":{"start":{"line":4,"column":2},"end":{"line":6,"column":3}},"type":"if","locations":[{"start":{"line":4,"column":2},"end":{"line":6,"column":3}},{"start":{},"end":{}}],"line":4}},"s":{"0":1,"1":4,"2":1,"3":3,"4":1},"f":{"0":4},"b":{"0":[1],"1":[1,3]},"_coverageSchema":"1a1c01bbd47fc00a2c39e90264f33305004495a9","hash":"72e1ce19a689a71dd682fcfd431b38b5c1ef4c09"}
,"/Users/juliya/unit-tests/tasks/zip.js": {"path":"/Users/juliya/unit-tests/tasks/zip.js","statementMap":{"0":{"start":{"line":1,"column":19},"end":{"line":1,"column":46}},"1":{"start":{"line":4,"column":17},"end":{"line":4,"column":19}},"2":{"start":{"line":5,"column":14},"end":{"line":5,"column":30}},"3":{"start":{"line":7,"column":2},"end":{"line":14,"column":3}},"4":{"start":{"line":7,"column":15},"end":{"line":7,"column":16}},"5":{"start":{"line":8,"column":18},"end":{"line":8,"column":20}},"6":{"start":{"line":10,"column":4},"end":{"line":12,"column":5}},"7":{"start":{"line":11,"column":6},"end":{"line":11,"column":28}},"8":{"start":{"line":13,"column":4},"end":{"line":13,"column":26}},"9":{"start":{"line":16,"column":2},"end":{"line":16,"column":16}},"10":{"start":{"line":19,"column":0},"end":{"line":19,"column":21}},"11":{"start":{"line":20,"column":0},"end":{"line":20,"column":3}}},"fnMap":{"0":{"name":"zip","decl":{"start":{"line":3,"column":9},"end":{"line":3,"column":12}},"loc":{"start":{"line":3,"column":24},"end":{"line":17,"column":1}},"line":3}},"branchMap":{},"s":{"0":1,"1":1,"2":1,"3":1,"4":1,"5":2,"6":2,"7":6,"8":2,"9":1,"10":1,"11":1},"f":{"0":1},"b":{},"_coverageSchema":"1a1c01bbd47fc00a2c39e90264f33305004495a9","hash":"d1e416a15c6f0ff7a222012fa00852eb485c365b"}
}
