TN:
SF:tasks/chunk.js
FN:1,getchunk
FNF:1
FNH:1
FNDA:4,getchunk
DA:2,4
DA:3,4
DA:4,8
DA:7,4
DA:10,1
LF:5
LH:5
BRDA:1,0,0,1
BRF:1
BRH:1
end_of_record
TN:
SF:tasks/compact.js
FN:1,compact
FN:2,(anonymous_1)
FNF:2
FNH:2
FNDA:1,compact
FNDA:6,(anonymous_1)
DA:2,6
DA:5,1
LF:2
LH:2
BRF:0
BRH:0
end_of_record
TN:
SF:tasks/drop.js
FN:1,drop
FNF:1
FNH:1
FNDA:3,drop
DA:2,3
DA:5,1
LF:2
LH:2
BRDA:1,0,0,1
BRF:1
BRH:1
end_of_record
TN:
SF:tasks/take.js
FN:1,take
FNF:1
FNH:1
FNDA:4,take
DA:2,4
DA:5,1
LF:2
LH:2
BRDA:1,0,0,1
BRF:1
BRH:1
end_of_record
