TN:
SF:tasks/chunk.js
FN:3,getchunk
FNF:1
FNH:1
FNDA:4,getchunk
DA:1,1
DA:4,4
DA:5,4
DA:6,8
DA:9,4
DA:12,1
LF:6
LH:6
BRDA:3,0,0,1
BRF:1
BRH:1
end_of_record
TN:
SF:tasks/compact.js
FN:3,compact
FN:4,(anonymous_1)
FNF:2
FNH:2
FNDA:1,compact
FNDA:6,(anonymous_1)
DA:1,1
DA:4,6
DA:7,1
LF:3
LH:3
BRF:0
BRH:0
end_of_record
TN:
SF:tasks/drop.js
FN:3,drop
FNF:1
FNH:1
FNDA:3,drop
DA:1,1
DA:4,3
DA:7,1
LF:3
LH:3
BRDA:3,0,0,1
BRF:1
BRH:1
end_of_record
TN:
SF:tasks/filter.js
FN:3,filter
FN:9,(anonymous_1)
FN:15,(anonymous_2)
FN:19,(anonymous_3)
FNF:4
FNH:4
FNDA:4,filter
FNDA:2,(anonymous_1)
FNDA:2,(anonymous_2)
FNDA:2,(anonymous_3)
DA:1,1
DA:4,4
DA:5,1
DA:8,3
DA:9,2
DA:12,2
DA:13,1
DA:15,2
DA:18,1
DA:19,2
DA:23,1
LF:11
LH:11
BRDA:4,0,0,1
BRDA:4,0,1,3
BRDA:8,1,0,1
BRDA:8,1,1,2
BRDA:12,2,0,1
BRDA:12,2,1,1
BRDA:15,3,0,2
BRDA:15,3,1,1
BRDA:18,4,0,1
BRDA:18,4,1,0
BRF:10
BRH:9
end_of_record
TN:
SF:tasks/find.js
FN:3,find
FN:9,(anonymous_1)
FN:15,(anonymous_2)
FN:20,(anonymous_3)
FNF:4
FNH:4
FNDA:4,find
FNDA:2,(anonymous_1)
FNDA:3,(anonymous_2)
FNDA:1,(anonymous_3)
DA:1,1
DA:4,4
DA:5,1
DA:8,3
DA:9,2
DA:12,2
DA:13,1
DA:15,3
DA:19,1
DA:20,1
DA:24,1
LF:11
LH:11
BRDA:4,0,0,1
BRDA:4,0,1,3
BRDA:8,1,0,1
BRDA:8,1,1,2
BRDA:12,2,0,1
BRDA:12,2,1,1
BRDA:15,3,0,3
BRDA:15,3,1,1
BRDA:19,4,0,1
BRDA:19,4,1,0
BRF:10
BRH:9
end_of_record
TN:
SF:tasks/includes.js
FN:3,includes
FNF:1
FNH:1
FNDA:4,includes
DA:1,1
DA:4,4
DA:5,2
DA:8,2
DA:9,1
DA:12,1
DA:13,1
DA:17,1
LF:8
LH:8
BRDA:4,0,0,2
BRDA:4,0,1,2
BRDA:8,1,0,1
BRDA:8,1,1,1
BRDA:12,2,0,1
BRDA:12,2,1,0
BRF:6
BRH:5
end_of_record
TN:
SF:tasks/map.js
FN:3,map
FN:5,(anonymous_1)
FNF:2
FNH:2
FNDA:3,map
FNDA:2,(anonymous_1)
DA:1,1
DA:4,3
DA:5,2
DA:8,2
DA:9,1
DA:12,1
DA:13,1
DA:17,1
LF:8
LH:8
BRDA:4,0,0,1
BRDA:4,0,1,2
BRDA:8,1,0,1
BRDA:8,1,1,1
BRDA:12,2,0,1
BRDA:12,2,1,0
BRDA:12,3,0,1
BRDA:12,3,1,1
BRF:8
BRH:7
end_of_record
TN:
SF:tasks/servicemethods.js
FN:1,myFilter
FN:11,myPush
FN:15,mySlice
FN:29,myFind
FN:37,myIncludes
FN:46,myForEach
FNF:6
FNH:6
FNDA:5,myFilter
FNDA:22,myPush
FNDA:14,mySlice
FNDA:4,myFind
FNDA:3,myIncludes
FNDA:3,myForEach
DA:2,5
DA:3,5
DA:4,14
DA:5,7
DA:8,5
DA:12,22
DA:16,14
DA:17,5
DA:20,14
DA:21,14
DA:22,14
DA:23,24
DA:24,24
DA:26,14
DA:30,4
DA:31,7
DA:32,4
DA:38,3
DA:39,3
DA:40,2
DA:42,1
DA:47,3
DA:48,3
DA:49,6
DA:51,3
DA:54,9
LF:26
LH:26
BRDA:4,0,0,7
BRDA:4,0,1,7
BRDA:16,1,0,5
BRDA:16,1,1,9
BRDA:16,2,0,14
BRDA:16,2,1,12
BRDA:31,3,0,4
BRDA:31,3,1,3
BRDA:37,4,0,2
BRDA:39,5,0,2
BRDA:39,5,1,1
BRF:11
BRH:11
end_of_record
TN:
SF:tasks/take.js
FN:3,take
FNF:1
FNH:1
FNDA:4,take
DA:1,1
DA:4,4
DA:5,1
DA:7,3
DA:10,1
LF:5
LH:5
BRDA:3,0,0,1
BRDA:4,1,0,1
BRDA:4,1,1,3
BRF:3
BRH:3
end_of_record
TN:
SF:tasks/zip.js
FN:3,zip
FNF:1
FNH:1
FNDA:1,zip
DA:1,1
DA:4,1
DA:5,1
DA:7,1
DA:8,2
DA:10,2
DA:11,6
DA:13,2
DA:16,1
DA:19,1
DA:20,1
LF:11
LH:11
BRF:0
BRH:0
end_of_record
